<?xml version="1.0" encoding="UTF-8"?>
<!-- Generated by org.testng.reporters.JUnitReportReporter -->
<testsuite hostname="Han-PC" name="org.fourthline.cling.test.model.IconTest" tests="2" failures="0" timestamp="20 Dec 2017 15:47:57 GMT" time="0.014" errors="0">
  <testcase name="invalidIcons" time="0.003" classname="org.fourthline.cling.test.model.IconTest"/>
  <testcase name="validIcons" time="0.011" classname="org.fourthline.cling.test.model.IconTest"/>
</testsuite> <!-- org.fourthline.cling.test.model.IconTest -->
