<?xml version="1.0" encoding="UTF-8"?>
<!-- Generated by org.testng.reporters.JUnitReportReporter -->
<testsuite hostname="Han-PC" name="org.fourthline.cling.test.gena.EventXMLProcessingTest" tests="3" failures="0" timestamp="20 Dec 2017 15:47:57 GMT" time="0.380" errors="0">
  <testcase name="writeReadRequestRecovering" time="0.109" classname="org.fourthline.cling.test.gena.EventXMLProcessingTest"/>
  <testcase name="writeReadRequestPull" time="0.110" classname="org.fourthline.cling.test.gena.EventXMLProcessingTest"/>
  <testcase name="writeReadRequest" time="0.161" classname="org.fourthline.cling.test.gena.EventXMLProcessingTest"/>
</testsuite> <!-- org.fourthline.cling.test.gena.EventXMLProcessingTest -->
