<?xml version="1.0" encoding="UTF-8"?>
<!-- Generated by org.testng.reporters.JUnitReportReporter -->
<testsuite hostname="Han-PC" name="org.fourthline.cling.test.local.LocalActionInvocationNullTest" tests="1" failures="0" timestamp="29 Nov 2017 17:21:33 GMT" time="0.003" errors="0">
  <testcase name="invokeActions" time="0.003" classname="org.fourthline.cling.test.local.LocalActionInvocationNullTest"/>
</testsuite> <!-- org.fourthline.cling.test.local.LocalActionInvocationNullTest -->
