<?xml version="1.0" encoding="UTF-8"?>
<!-- Generated by org.testng.reporters.JUnitReportReporter -->
<testsuite hostname="Han-PC" name="org.fourthline.cling.test.gena.InvalidEventXMLProcessingTest" tests="13" failures="0" timestamp="29 Nov 2017 17:21:33 GMT" time="1.353" errors="0">
  <testcase name="readRecoveringFailure" time="0.104" classname="org.fourthline.cling.test.gena.InvalidEventXMLProcessingTest"/>
  <testcase name="readRecovering" time="0.108" classname="org.fourthline.cling.test.gena.InvalidEventXMLProcessingTest"/>
  <testcase name="readRecoveringFailure" time="0.103" classname="org.fourthline.cling.test.gena.InvalidEventXMLProcessingTest"/>
  <testcase name="readRecovering" time="0.103" classname="org.fourthline.cling.test.gena.InvalidEventXMLProcessingTest"/>
  <testcase name="readDefaultFailure" time="0.107" classname="org.fourthline.cling.test.gena.InvalidEventXMLProcessingTest"/>
  <testcase name="readRecoveringFailure" time="0.101" classname="org.fourthline.cling.test.gena.InvalidEventXMLProcessingTest"/>
  <testcase name="readRecoveringFailure" time="0.104" classname="org.fourthline.cling.test.gena.InvalidEventXMLProcessingTest"/>
  <testcase name="readRecoveringFailure" time="0.105" classname="org.fourthline.cling.test.gena.InvalidEventXMLProcessingTest"/>
  <testcase name="readRecoveringFailure" time="0.103" classname="org.fourthline.cling.test.gena.InvalidEventXMLProcessingTest"/>
  <testcase name="readPull" time="0.104" classname="org.fourthline.cling.test.gena.InvalidEventXMLProcessingTest"/>
  <testcase name="readRecoverableFailure" time="0.104" classname="org.fourthline.cling.test.gena.InvalidEventXMLProcessingTest"/>
  <testcase name="readRecoveringFailure" time="0.103" classname="org.fourthline.cling.test.gena.InvalidEventXMLProcessingTest"/>
  <testcase name="readRecoverableFailure" time="0.104" classname="org.fourthline.cling.test.gena.InvalidEventXMLProcessingTest"/>
</testsuite> <!-- org.fourthline.cling.test.gena.InvalidEventXMLProcessingTest -->
