<?xml version="1.0" encoding="UTF-8"?>
<!-- Generated by org.testng.reporters.JUnitReportReporter -->
<testsuite hostname="Han-PC" name="org.fourthline.cling.test.control.InvalidActionXMLProcessingTest" tests="12" failures="0" timestamp="29 Nov 2017 17:21:33 GMT" time="1.194" errors="0">
  <testcase name="readRequestDefaultFailure" time="0.103" classname="org.fourthline.cling.test.control.InvalidActionXMLProcessingTest"/>
  <testcase name="readRequestRecoverableFailure" time="0.099" classname="org.fourthline.cling.test.control.InvalidActionXMLProcessingTest"/>
  <testcase name="readRequestPull" time="0.109" classname="org.fourthline.cling.test.control.InvalidActionXMLProcessingTest"/>
  <testcase name="readRequestPull" time="0.094" classname="org.fourthline.cling.test.control.InvalidActionXMLProcessingTest"/>
  <testcase name="readRequestRecoveringFailure" time="0.102" classname="org.fourthline.cling.test.control.InvalidActionXMLProcessingTest"/>
  <testcase name="readRequestPull" time="0.133" classname="org.fourthline.cling.test.control.InvalidActionXMLProcessingTest"/>
  <testcase name="readRequestDefaultFailure" time="0.097" classname="org.fourthline.cling.test.control.InvalidActionXMLProcessingTest"/>
  <testcase name="readRequestRecovering" time="0.099" classname="org.fourthline.cling.test.control.InvalidActionXMLProcessingTest"/>
  <testcase name="readRequestDefaultFailure" time="0.106" classname="org.fourthline.cling.test.control.InvalidActionXMLProcessingTest"/>
  <testcase name="readRequestRecoverableFailure" time="0.143" classname="org.fourthline.cling.test.control.InvalidActionXMLProcessingTest"/>
  <testcase name="uppercaseOutputArguments" time="0.007" classname="org.fourthline.cling.test.control.InvalidActionXMLProcessingTest"/>
  <testcase name="readRequestRecovering" time="0.102" classname="org.fourthline.cling.test.control.InvalidActionXMLProcessingTest"/>
</testsuite> <!-- org.fourthline.cling.test.control.InvalidActionXMLProcessingTest -->
