<?xml version="1.0" encoding="UTF-8"?>
<!-- Generated by org.testng.reporters.JUnitReportReporter -->
<testsuite hostname="Han-PC" name="org.fourthline.cling.test.ssdp.SearchReceivedTest" tests="8" failures="0" timestamp="20 Dec 2017 15:47:57 GMT" time="4.463" errors="0">
  <testcase name="receivedInvalidST" time="0.202" classname="org.fourthline.cling.test.ssdp.SearchReceivedTest"/>
  <testcase name="receivedNonAdvertised" time="0.551" classname="org.fourthline.cling.test.ssdp.SearchReceivedTest"/>
  <testcase name="receivedInvalidMX" time="0.238" classname="org.fourthline.cling.test.ssdp.SearchReceivedTest"/>
  <testcase name="receivedSearchDeviceType" time="0.680" classname="org.fourthline.cling.test.ssdp.SearchReceivedTest"/>
  <testcase name="receivedSearchRoot" time="0.943" classname="org.fourthline.cling.test.ssdp.SearchReceivedTest"/>
  <testcase name="receivedSearchUDN" time="0.779" classname="org.fourthline.cling.test.ssdp.SearchReceivedTest"/>
  <testcase name="receivedSearchAll" time="0.919" classname="org.fourthline.cling.test.ssdp.SearchReceivedTest"/>
  <testcase name="receivedSearchServiceType" time="0.151" classname="org.fourthline.cling.test.ssdp.SearchReceivedTest"/>
</testsuite> <!-- org.fourthline.cling.test.ssdp.SearchReceivedTest -->
