<?xml version="1.0" encoding="UTF-8"?>
<!-- Generated by org.testng.reporters.JUnitReportReporter -->
<testsuite hostname="Han-PC" name="example.localservice.EventProviderTest" tests="5" failures="0" timestamp="20 Dec 2017 15:47:57 GMT" time="1.506" errors="0">
  <testcase name="moderateMaxRate" time="0.853" classname="example.localservice.EventProviderTest"/>
  <testcase name="bundleSeveralVariables" time="0.188" classname="example.localservice.EventProviderTest"/>
  <testcase name="subscriptionLifecycleChangeSupport" time="0.160" classname="example.localservice.EventProviderTest"/>
  <testcase name="moderateMinDelta" time="0.161" classname="example.localservice.EventProviderTest"/>
  <testcase name="subscriptionLifecycle" time="0.144" classname="example.localservice.EventProviderTest"/>
</testsuite> <!-- example.localservice.EventProviderTest -->
