<?xml version="1.0" encoding="UTF-8"?>
<!-- Generated by org.testng.reporters.JUnitReportReporter -->
<testsuite hostname="Han-PC" name="org.fourthline.cling.test.ssdp.SearchResponseTest" tests="4" failures="0" timestamp="20 Dec 2017 15:47:57 GMT" time="4.323" errors="0">
  <testcase name="receivedInvalidSearchResponses" time="0.429" classname="org.fourthline.cling.test.ssdp.SearchResponseTest"/>
  <testcase name="receivedAlreadyKnownLocalUDN" time="0.265" classname="org.fourthline.cling.test.ssdp.SearchResponseTest"/>
  <testcase name="receiveEmbeddedTriggersUpdate" time="3.214" classname="org.fourthline.cling.test.ssdp.SearchResponseTest"/>
  <testcase name="receivedValidResponse" time="0.415" classname="org.fourthline.cling.test.ssdp.SearchResponseTest"/>
</testsuite> <!-- org.fourthline.cling.test.ssdp.SearchResponseTest -->
