<?xml version="1.0" encoding="UTF-8"?>
<!-- Generated by org.testng.reporters.JUnitReportReporter -->
<testsuite hostname="Han-PC" name="org.fourthline.cling.test.model.HeaderParsingTest" tests="53" failures="0" timestamp="29 Nov 2017 17:21:33 GMT" time="0.031" errors="0">
  <testcase name="parseDeviceType" time="0.001" classname="org.fourthline.cling.test.model.HeaderParsingTest"/>
  <testcase name="parseSoapActionHeaderQueryString" time="0.000" classname="org.fourthline.cling.test.model.HeaderParsingTest"/>
  <testcase name="parseInvalidServiceUSNHeader" time="0.001" classname="org.fourthline.cling.test.model.HeaderParsingTest"/>
  <testcase name="parseContentRange" time="0.001" classname="org.fourthline.cling.test.model.HeaderParsingTest"/>
  <testcase name="parseInvalidServiceTypeHeader" time="0.001" classname="org.fourthline.cling.test.model.HeaderParsingTest"/>
  <testcase name="parseContentTypeHeader" time="0.001" classname="org.fourthline.cling.test.model.HeaderParsingTest"/>
  <testcase name="parseCallbackHeaderString" time="0.001" classname="org.fourthline.cling.test.model.HeaderParsingTest"/>
  <testcase name="parseUDNHeader" time="0.000" classname="org.fourthline.cling.test.model.HeaderParsingTest"/>
  <testcase name="parseMANHeaderNS" time="0.000" classname="org.fourthline.cling.test.model.HeaderParsingTest"/>
  <testcase name="parseUDADeviceType" time="0.001" classname="org.fourthline.cling.test.model.HeaderParsingTest"/>
  <testcase name="parseInvalidLocationHeader" time="0.001" classname="org.fourthline.cling.test.model.HeaderParsingTest"/>
  <testcase name="parseMaxAgeHeader" time="0.000" classname="org.fourthline.cling.test.model.HeaderParsingTest"/>
  <testcase name="parseInvalidServerHeader" time="0.001" classname="org.fourthline.cling.test.model.HeaderParsingTest"/>
  <testcase name="parseInvalidMANHeader" time="0.001" classname="org.fourthline.cling.test.model.HeaderParsingTest"/>
  <testcase name="parseInvalidNTSHeader" time="0.000" classname="org.fourthline.cling.test.model.HeaderParsingTest"/>
  <testcase name="parseTimeoutHeaderString" time="0.000" classname="org.fourthline.cling.test.model.HeaderParsingTest"/>
  <testcase name="parseInvalidHostHeader" time="0.000" classname="org.fourthline.cling.test.model.HeaderParsingTest"/>
  <testcase name="parseInvalidUDADeviceTypeHeader" time="0.000" classname="org.fourthline.cling.test.model.HeaderParsingTest"/>
  <testcase name="parseInterfaceMacAddress" time="0.000" classname="org.fourthline.cling.test.model.HeaderParsingTest"/>
  <testcase name="parseInvalidSTAllHeader" time="0.000" classname="org.fourthline.cling.test.model.HeaderParsingTest"/>
  <testcase name="parseDeviceTypeHeaderURI" time="0.001" classname="org.fourthline.cling.test.model.HeaderParsingTest"/>
  <testcase name="parseUDAServiceType" time="0.000" classname="org.fourthline.cling.test.model.HeaderParsingTest"/>
  <testcase name="parsePragma" time="0.001" classname="org.fourthline.cling.test.model.HeaderParsingTest"/>
  <testcase name="parseServiceUSNHeader" time="0.000" classname="org.fourthline.cling.test.model.HeaderParsingTest"/>
  <testcase name="parseUDADeviceTypeHeaderURI" time="0.000" classname="org.fourthline.cling.test.model.HeaderParsingTest"/>
  <testcase name="parseInvalidDeviceTypeHeader" time="0.001" classname="org.fourthline.cling.test.model.HeaderParsingTest"/>
  <testcase name="parseHostHeader" time="0.000" classname="org.fourthline.cling.test.model.HeaderParsingTest"/>
  <testcase name="parseSubscriptionIdHeaderString" time="0.000" classname="org.fourthline.cling.test.model.HeaderParsingTest"/>
  <testcase name="parseServiceType" time="0.000" classname="org.fourthline.cling.test.model.HeaderParsingTest"/>
  <testcase name="parseInvalidUDAServiceTypeHeader" time="0.001" classname="org.fourthline.cling.test.model.HeaderParsingTest"/>
  <testcase name="parseUDAServiceTypeHeaderURI" time="0.000" classname="org.fourthline.cling.test.model.HeaderParsingTest"/>
  <testcase name="parseInvalidMXHeader" time="0.000" classname="org.fourthline.cling.test.model.HeaderParsingTest"/>
  <testcase name="parseMANHeaderNoNS" time="0.000" classname="org.fourthline.cling.test.model.HeaderParsingTest"/>
  <testcase name="parseInvalidMaxAgeHeader" time="0.001" classname="org.fourthline.cling.test.model.HeaderParsingTest"/>
  <testcase name="parseSoapActionHeader" time="0.002" classname="org.fourthline.cling.test.model.HeaderParsingTest"/>
  <testcase name="parseServiceUSNHeaderStatic" time="0.000" classname="org.fourthline.cling.test.model.HeaderParsingTest"/>
  <testcase name="parseInvalidUDNHeaderPrefix" time="0.000" classname="org.fourthline.cling.test.model.HeaderParsingTest"/>
  <testcase name="parseInvalidRootDeviceHeader" time="0.001" classname="org.fourthline.cling.test.model.HeaderParsingTest"/>
  <testcase name="parseEventSequenceHeaderString" time="0.001" classname="org.fourthline.cling.test.model.HeaderParsingTest"/>
  <testcase name="parseInvalidUDNHeaderURN" time="0.000" classname="org.fourthline.cling.test.model.HeaderParsingTest"/>
  <testcase name="parseInvalidDeviceUSNHeader" time="0.000" classname="org.fourthline.cling.test.model.HeaderParsingTest"/>
  <testcase name="parseServerHeader" time="0.001" classname="org.fourthline.cling.test.model.HeaderParsingTest"/>
  <testcase name="parseDeviceUSNHeader" time="0.001" classname="org.fourthline.cling.test.model.HeaderParsingTest"/>
  <testcase name="parseMXHeader" time="0.000" classname="org.fourthline.cling.test.model.HeaderParsingTest"/>
  <testcase name="parseInvalidCallbackHeaderString" time="0.007" classname="org.fourthline.cling.test.model.HeaderParsingTest"/>
  <testcase name="parseRange" time="0.000" classname="org.fourthline.cling.test.model.HeaderParsingTest"/>
  <testcase name="parseHostHeaderConstructor" time="0.000" classname="org.fourthline.cling.test.model.HeaderParsingTest"/>
  <testcase name="parseInvalidSubscriptionIdHeaderString" time="0.001" classname="org.fourthline.cling.test.model.HeaderParsingTest"/>
  <testcase name="parseInvalidUSNRootDeviceHeader" time="0.001" classname="org.fourthline.cling.test.model.HeaderParsingTest"/>
  <testcase name="parseSoapActionHeaderString" time="0.000" classname="org.fourthline.cling.test.model.HeaderParsingTest"/>
  <testcase name="parseDeviceUSNHeaderStatic" time="0.000" classname="org.fourthline.cling.test.model.HeaderParsingTest"/>
  <testcase name="parseServiceTypeHeaderURI" time="0.001" classname="org.fourthline.cling.test.model.HeaderParsingTest"/>
  <testcase name="parseInvalidEXTHeader" time="0.000" classname="org.fourthline.cling.test.model.HeaderParsingTest"/>
</testsuite> <!-- org.fourthline.cling.test.model.HeaderParsingTest -->
