<?xml version="1.0" encoding="UTF-8"?>
<!-- Generated by org.testng.reporters.JUnitReportReporter -->
<testsuite hostname="Han-PC" name="org.fourthline.cling.test.ssdp.SearchReceivedTest" tests="8" failures="0" timestamp="29 Nov 2017 17:21:33 GMT" time="5.144" errors="0">
  <testcase name="receivedSearchUDN" time="1.001" classname="org.fourthline.cling.test.ssdp.SearchReceivedTest"/>
  <testcase name="receivedNonAdvertised" time="0.714" classname="org.fourthline.cling.test.ssdp.SearchReceivedTest"/>
  <testcase name="receivedSearchAll" time="1.092" classname="org.fourthline.cling.test.ssdp.SearchReceivedTest"/>
  <testcase name="receivedSearchRoot" time="0.709" classname="org.fourthline.cling.test.ssdp.SearchReceivedTest"/>
  <testcase name="receivedSearchDeviceType" time="0.657" classname="org.fourthline.cling.test.ssdp.SearchReceivedTest"/>
  <testcase name="receivedSearchServiceType" time="0.739" classname="org.fourthline.cling.test.ssdp.SearchReceivedTest"/>
  <testcase name="receivedInvalidST" time="0.101" classname="org.fourthline.cling.test.ssdp.SearchReceivedTest"/>
  <testcase name="receivedInvalidMX" time="0.131" classname="org.fourthline.cling.test.ssdp.SearchReceivedTest"/>
</testsuite> <!-- org.fourthline.cling.test.ssdp.SearchReceivedTest -->
