<?xml version="1.0" encoding="UTF-8"?>
<!-- Generated by org.testng.reporters.JUnitReportReporter -->
<testsuite hostname="Han-PC" name="org.fourthline.cling.test.ssdp.RegistryExpirationTest" tests="5" failures="0" timestamp="29 Nov 2017 17:21:33 GMT" time="21.638" errors="0">
  <testcase name="addResourceAndExpire" time="4.149" classname="org.fourthline.cling.test.ssdp.RegistryExpirationTest"/>
  <testcase name="overrideAgeThenAddAndExpire" time="6.099" classname="org.fourthline.cling.test.ssdp.RegistryExpirationTest"/>
  <testcase name="addAndUpdateAndExpire" time="6.152" classname="org.fourthline.cling.test.ssdp.RegistryExpirationTest"/>
  <testcase name="addAndExpire" time="3.104" classname="org.fourthline.cling.test.ssdp.RegistryExpirationTest"/>
  <testcase name="addResourceAndMaintain" time="2.134" classname="org.fourthline.cling.test.ssdp.RegistryExpirationTest"/>
</testsuite> <!-- org.fourthline.cling.test.ssdp.RegistryExpirationTest -->
