<?xml version="1.0" encoding="UTF-8"?>
<!-- Generated by org.testng.reporters.JUnitReportReporter -->
<testsuite hostname="Han-PC" name="org.fourthline.cling.test.model.DatagramParsingTest" tests="2" failures="0" timestamp="20 Dec 2017 15:47:57 GMT" time="0.182" errors="0">
  <testcase name="readSource" time="0.007" classname="org.fourthline.cling.test.model.DatagramParsingTest"/>
  <testcase name="parseRoundtrip" time="0.175" classname="org.fourthline.cling.test.model.DatagramParsingTest"/>
</testsuite> <!-- org.fourthline.cling.test.model.DatagramParsingTest -->
