<?xml version="1.0" encoding="UTF-8"?>
<!-- Generated by org.testng.reporters.JUnitReportReporter -->
<testsuite hostname="Han-PC" name="org.fourthline.cling.test.ssdp.AdvertisementTest" tests="2" failures="0" timestamp="29 Nov 2017 17:21:33 GMT" time="1.142" errors="0">
  <testcase name="sendAliveMessages" time="0.574" classname="org.fourthline.cling.test.ssdp.AdvertisementTest"/>
  <testcase name="sendByebyeMessages" time="0.568" classname="org.fourthline.cling.test.ssdp.AdvertisementTest"/>
</testsuite> <!-- org.fourthline.cling.test.ssdp.AdvertisementTest -->
