<?xml version="1.0" encoding="UTF-8"?>
<!-- Generated by org.testng.reporters.JUnitReportReporter -->
<testsuite hostname="Han-PC" name="org.fourthline.cling.test.model.UtilTest" tests="12" failures="0" timestamp="29 Nov 2017 17:21:33 GMT" time="0.059" errors="0">
  <testcase name="printDOM6" time="0.001" classname="org.fourthline.cling.test.model.UtilTest"/>
  <testcase name="printDOM1" time="0.046" classname="org.fourthline.cling.test.model.UtilTest"/>
  <testcase name="printDOM2" time="0.001" classname="org.fourthline.cling.test.model.UtilTest"/>
  <testcase name="printDOM5" time="0.005" classname="org.fourthline.cling.test.model.UtilTest"/>
  <testcase name="stringToCsv" time="0.001" classname="org.fourthline.cling.test.model.UtilTest"/>
  <testcase name="printDOM4" time="0.001" classname="org.fourthline.cling.test.model.UtilTest"/>
  <testcase name="validUDAName" time="0.000" classname="org.fourthline.cling.test.model.UtilTest"/>
  <testcase name="parseInvalidTimeString" time="0.000" classname="org.fourthline.cling.test.model.UtilTest"/>
  <testcase name="parseTimeStrings" time="0.001" classname="org.fourthline.cling.test.model.UtilTest"/>
  <testcase name="printDOM3" time="0.001" classname="org.fourthline.cling.test.model.UtilTest"/>
  <testcase name="csvToString" time="0.001" classname="org.fourthline.cling.test.model.UtilTest"/>
  <testcase name="printDOM7" time="0.001" classname="org.fourthline.cling.test.model.UtilTest"/>
</testsuite> <!-- org.fourthline.cling.test.model.UtilTest -->
