<?xml version="1.0" encoding="UTF-8"?>
<!-- Generated by org.testng.reporters.JUnitReportReporter -->
<testsuite hostname="Han-PC" name="org.fourthline.cling.test.resources.ServiceDescriptorRetrievalTest" tests="2" failures="0" timestamp="29 Nov 2017 17:21:33 GMT" time="0.207" errors="0">
  <testcase name="registerAndRetrieveDescriptor" time="0.110" classname="org.fourthline.cling.test.resources.ServiceDescriptorRetrievalTest"/>
  <testcase name="retrieveNonExistentDescriptor" time="0.097" classname="org.fourthline.cling.test.resources.ServiceDescriptorRetrievalTest"/>
</testsuite> <!-- org.fourthline.cling.test.resources.ServiceDescriptorRetrievalTest -->
