<?xml version="1.0" encoding="UTF-8"?>
<!-- Generated by org.testng.reporters.JUnitReportReporter -->
<testsuite hostname="Han-PC" name="example.controlpoint.SearchExecuteTest" tests="7" failures="0" timestamp="20 Dec 2017 15:47:57 GMT" time="1.248" errors="0">
  <testcase name="searchRoot" time="0.186" classname="example.controlpoint.SearchExecuteTest"/>
  <testcase name="searchInvalidST" time="0.172" classname="example.controlpoint.SearchExecuteTest"/>
  <testcase name="searchDefaults" time="0.214" classname="example.controlpoint.SearchExecuteTest"/>
  <testcase name="searchDeviceType" time="0.173" classname="example.controlpoint.SearchExecuteTest"/>
  <testcase name="searchServiceType" time="0.167" classname="example.controlpoint.SearchExecuteTest"/>
  <testcase name="searchAll" time="0.199" classname="example.controlpoint.SearchExecuteTest"/>
  <testcase name="searchUDN" time="0.137" classname="example.controlpoint.SearchExecuteTest"/>
</testsuite> <!-- example.controlpoint.SearchExecuteTest -->
