<?xml version="1.0" encoding="UTF-8"?>
<!-- Generated by org.testng.reporters.JUnitReportReporter -->
<testsuite hostname="Han-PC" name="org.fourthline.cling.test.local.LocalActionInvocationEnumTest" tests="3" failures="0" timestamp="29 Nov 2017 17:21:33 GMT" time="0.002" errors="0">
  <testcase name="invokeActions" time="0.000" classname="org.fourthline.cling.test.local.LocalActionInvocationEnumTest"/>
  <testcase name="invokeActions" time="0.001" classname="org.fourthline.cling.test.local.LocalActionInvocationEnumTest"/>
  <testcase name="invokeActions" time="0.001" classname="org.fourthline.cling.test.local.LocalActionInvocationEnumTest"/>
</testsuite> <!-- org.fourthline.cling.test.local.LocalActionInvocationEnumTest -->
