<?xml version="1.0" encoding="UTF-8"?>
<!-- Generated by org.testng.reporters.JUnitReportReporter -->
<testsuite hostname="Han-PC" name="org.fourthline.cling.test.local.LocalDeviceBindingAdvertisementTest" tests="5" failures="0" timestamp="20 Dec 2017 15:47:57 GMT" time="16.131" errors="0">
  <testcase name="byeByeBeforeAlive" time="2.638" classname="org.fourthline.cling.test.local.LocalDeviceBindingAdvertisementTest"/>
  <testcase name="registerLocalDevice" time="2.663" classname="org.fourthline.cling.test.local.LocalDeviceBindingAdvertisementTest"/>
  <testcase name="registerNonAdvertisedLocalDevice" time="2.589" classname="org.fourthline.cling.test.local.LocalDeviceBindingAdvertisementTest"/>
  <testcase name="waitForAliveFlood" time="5.646" classname="org.fourthline.cling.test.local.LocalDeviceBindingAdvertisementTest"/>
  <testcase name="waitForRefresh" time="2.595" classname="org.fourthline.cling.test.local.LocalDeviceBindingAdvertisementTest"/>
</testsuite> <!-- org.fourthline.cling.test.local.LocalDeviceBindingAdvertisementTest -->
