<?xml version="1.0" encoding="UTF-8"?>
<!-- Generated by org.testng.reporters.JUnitReportReporter -->
<testsuite hostname="Han-PC" name="example.registry.RegistryBrowseTest" tests="5" failures="0" timestamp="29 Nov 2017 17:21:33 GMT" time="0.486" errors="0">
  <testcase name="findLocalDeviceInvalidRelativePath" time="0.099" classname="example.registry.RegistryBrowseTest"/>
  <testcase name="cleanupRemoteDevice" time="0.099" classname="example.registry.RegistryBrowseTest"/>
  <testcase name="findLocalDevice" time="0.098" classname="example.registry.RegistryBrowseTest"/>
  <testcase name="findDevice" time="0.099" classname="example.registry.RegistryBrowseTest"/>
  <testcase name="findDeviceByType" time="0.091" classname="example.registry.RegistryBrowseTest"/>
</testsuite> <!-- example.registry.RegistryBrowseTest -->
