<?xml version="1.0" encoding="UTF-8"?>
<!-- Generated by org.testng.reporters.JUnitReportReporter -->
<testsuite hostname="Han-PC" name="org.fourthline.cling.test.control.ActionInvokeOutgoingTest" tests="9" failures="0" timestamp="20 Dec 2017 15:47:57 GMT" time="1.198" errors="0">
  <testcase name="callLocalWrongAction" time="0.112" classname="org.fourthline.cling.test.control.ActionInvokeOutgoingTest"/>
  <testcase name="callRemoteGetNoResponse" time="0.199" classname="org.fourthline.cling.test.control.ActionInvokeOutgoingTest"/>
  <testcase name="callLocalGet" time="0.131" classname="org.fourthline.cling.test.control.ActionInvokeOutgoingTest"/>
  <testcase name="callRemoteGetFailure" time="0.102" classname="org.fourthline.cling.test.control.ActionInvokeOutgoingTest"/>
  <testcase name="callRemoteGetNotFoundFailure" time="0.133" classname="org.fourthline.cling.test.control.ActionInvokeOutgoingTest"/>
  <testcase name="callLocalSetException" time="0.125" classname="org.fourthline.cling.test.control.ActionInvokeOutgoingTest"/>
  <testcase name="callRemoteNegativeValue" time="0.117" classname="org.fourthline.cling.test.control.ActionInvokeOutgoingTest"/>
  <testcase name="callRemoteQueryStateVariable" time="0.137" classname="org.fourthline.cling.test.control.ActionInvokeOutgoingTest"/>
  <testcase name="callRemoteGet" time="0.142" classname="org.fourthline.cling.test.control.ActionInvokeOutgoingTest"/>
</testsuite> <!-- org.fourthline.cling.test.control.ActionInvokeOutgoingTest -->
