<?xml version="1.0" encoding="UTF-8"?>
<!-- Generated by org.testng.reporters.JUnitReportReporter -->
<testsuite hostname="Han-PC" name="org.fourthline.cling.test.control.ActionInvokeIncomingTest" tests="9" failures="0" timestamp="29 Nov 2017 17:21:33 GMT" time="2.813" errors="0">
  <testcase name="incomingRemoteCallNoContentType" time="0.090" classname="org.fourthline.cling.test.control.ActionInvokeIncomingTest"/>
  <testcase name="incomingRemoteCallQueryStateVariable" time="0.079" classname="org.fourthline.cling.test.control.ActionInvokeIncomingTest"/>
  <testcase name="incomingRemoteCallGet" time="0.094" classname="org.fourthline.cling.test.control.ActionInvokeIncomingTest"/>
  <testcase name="incomingRemoteCallControlURINotFound" time="0.074" classname="org.fourthline.cling.test.control.ActionInvokeIncomingTest"/>
  <testcase name="incomingRemoteCallClientInfo" time="0.089" classname="org.fourthline.cling.test.control.ActionInvokeIncomingTest"/>
  <testcase name="incomingRemoteCallMethodException" time="0.102" classname="org.fourthline.cling.test.control.ActionInvokeIncomingTest"/>
  <testcase name="incomingRemoteCallWrongContentType" time="0.099" classname="org.fourthline.cling.test.control.ActionInvokeIncomingTest"/>
  <testcase name="incomingRemoteCallGetConcurrent" time="2.111" classname="org.fourthline.cling.test.control.ActionInvokeIncomingTest"/>
  <testcase name="incomingRemoteCallSet" time="0.075" classname="org.fourthline.cling.test.control.ActionInvokeIncomingTest"/>
</testsuite> <!-- org.fourthline.cling.test.control.ActionInvokeIncomingTest -->
