<?xml version="1.0" encoding="UTF-8"?>
<!-- Generated by org.testng.reporters.JUnitReportReporter -->
<testsuite hostname="Han-PC" name="org.fourthline.cling.test.resources.InvalidUDA10DeviceDescriptorParsingTest" tests="55" failures="0" timestamp="29 Nov 2017 17:21:33 GMT" time="5.547" errors="0">
  <testcase name="readRecoveringFailure" time="0.106" classname="org.fourthline.cling.test.resources.InvalidUDA10DeviceDescriptorParsingTest"/>
  <testcase name="readRecoveringStrict" time="0.084" classname="org.fourthline.cling.test.resources.InvalidUDA10DeviceDescriptorParsingTest"/>
  <testcase name="readRecoveringStrict" time="0.111" classname="org.fourthline.cling.test.resources.InvalidUDA10DeviceDescriptorParsingTest"/>
  <testcase name="readRecoveringStrict" time="0.105" classname="org.fourthline.cling.test.resources.InvalidUDA10DeviceDescriptorParsingTest"/>
  <testcase name="readRecoveringStrict" time="0.090" classname="org.fourthline.cling.test.resources.InvalidUDA10DeviceDescriptorParsingTest"/>
  <testcase name="readRecoveringStrict" time="0.128" classname="org.fourthline.cling.test.resources.InvalidUDA10DeviceDescriptorParsingTest"/>
  <testcase name="readDefault" time="0.105" classname="org.fourthline.cling.test.resources.InvalidUDA10DeviceDescriptorParsingTest"/>
  <testcase name="readSAX" time="0.113" classname="org.fourthline.cling.test.resources.InvalidUDA10DeviceDescriptorParsingTest"/>
  <testcase name="readRecoveringStrict" time="0.091" classname="org.fourthline.cling.test.resources.InvalidUDA10DeviceDescriptorParsingTest"/>
  <testcase name="readSAX" time="0.132" classname="org.fourthline.cling.test.resources.InvalidUDA10DeviceDescriptorParsingTest"/>
  <testcase name="readSAX" time="0.084" classname="org.fourthline.cling.test.resources.InvalidUDA10DeviceDescriptorParsingTest"/>
  <testcase name="readDefault" time="0.104" classname="org.fourthline.cling.test.resources.InvalidUDA10DeviceDescriptorParsingTest"/>
  <testcase name="readRecoveringStrict" time="0.104" classname="org.fourthline.cling.test.resources.InvalidUDA10DeviceDescriptorParsingTest"/>
  <testcase name="readDefault" time="0.104" classname="org.fourthline.cling.test.resources.InvalidUDA10DeviceDescriptorParsingTest"/>
  <testcase name="readDefault" time="0.099" classname="org.fourthline.cling.test.resources.InvalidUDA10DeviceDescriptorParsingTest"/>
  <testcase name="readFailure" time="0.120" classname="org.fourthline.cling.test.resources.InvalidUDA10DeviceDescriptorParsingTest"/>
  <testcase name="readRecovering" time="0.100" classname="org.fourthline.cling.test.resources.InvalidUDA10DeviceDescriptorParsingTest"/>
  <testcase name="readDefault" time="0.086" classname="org.fourthline.cling.test.resources.InvalidUDA10DeviceDescriptorParsingTest"/>
  <testcase name="readDefault" time="0.110" classname="org.fourthline.cling.test.resources.InvalidUDA10DeviceDescriptorParsingTest"/>
  <testcase name="readRecoveringFailure" time="0.104" classname="org.fourthline.cling.test.resources.InvalidUDA10DeviceDescriptorParsingTest"/>
  <testcase name="readRecovering" time="0.116" classname="org.fourthline.cling.test.resources.InvalidUDA10DeviceDescriptorParsingTest"/>
  <testcase name="readRecovering" time="0.080" classname="org.fourthline.cling.test.resources.InvalidUDA10DeviceDescriptorParsingTest"/>
  <testcase name="readDefault" time="0.127" classname="org.fourthline.cling.test.resources.InvalidUDA10DeviceDescriptorParsingTest"/>
  <testcase name="readRecoveringFailure" time="0.084" classname="org.fourthline.cling.test.resources.InvalidUDA10DeviceDescriptorParsingTest"/>
  <testcase name="readSAX" time="0.095" classname="org.fourthline.cling.test.resources.InvalidUDA10DeviceDescriptorParsingTest"/>
  <testcase name="readDefault" time="0.105" classname="org.fourthline.cling.test.resources.InvalidUDA10DeviceDescriptorParsingTest"/>
  <testcase name="readSAX" time="0.084" classname="org.fourthline.cling.test.resources.InvalidUDA10DeviceDescriptorParsingTest"/>
  <testcase name="readSAX" time="0.103" classname="org.fourthline.cling.test.resources.InvalidUDA10DeviceDescriptorParsingTest"/>
  <testcase name="readFailure" time="0.080" classname="org.fourthline.cling.test.resources.InvalidUDA10DeviceDescriptorParsingTest"/>
  <testcase name="readSAX" time="0.101" classname="org.fourthline.cling.test.resources.InvalidUDA10DeviceDescriptorParsingTest"/>
  <testcase name="readDefault" time="0.101" classname="org.fourthline.cling.test.resources.InvalidUDA10DeviceDescriptorParsingTest"/>
  <testcase name="readDefault" time="0.109" classname="org.fourthline.cling.test.resources.InvalidUDA10DeviceDescriptorParsingTest"/>
  <testcase name="readSAX" time="0.100" classname="org.fourthline.cling.test.resources.InvalidUDA10DeviceDescriptorParsingTest"/>
  <testcase name="readSAX" time="0.099" classname="org.fourthline.cling.test.resources.InvalidUDA10DeviceDescriptorParsingTest"/>
  <testcase name="readRecoveringStrict" time="0.103" classname="org.fourthline.cling.test.resources.InvalidUDA10DeviceDescriptorParsingTest"/>
  <testcase name="readRecoveringFailure" time="0.105" classname="org.fourthline.cling.test.resources.InvalidUDA10DeviceDescriptorParsingTest"/>
  <testcase name="readRecoveringStrict" time="0.102" classname="org.fourthline.cling.test.resources.InvalidUDA10DeviceDescriptorParsingTest"/>
  <testcase name="readDefault" time="0.085" classname="org.fourthline.cling.test.resources.InvalidUDA10DeviceDescriptorParsingTest"/>
  <testcase name="readDefault" time="0.103" classname="org.fourthline.cling.test.resources.InvalidUDA10DeviceDescriptorParsingTest"/>
  <testcase name="readFailure" time="0.102" classname="org.fourthline.cling.test.resources.InvalidUDA10DeviceDescriptorParsingTest"/>
  <testcase name="readRecoveringStrict" time="0.104" classname="org.fourthline.cling.test.resources.InvalidUDA10DeviceDescriptorParsingTest"/>
  <testcase name="readSAX" time="0.100" classname="org.fourthline.cling.test.resources.InvalidUDA10DeviceDescriptorParsingTest"/>
  <testcase name="readSAX" time="0.086" classname="org.fourthline.cling.test.resources.InvalidUDA10DeviceDescriptorParsingTest"/>
  <testcase name="readDefault" time="0.092" classname="org.fourthline.cling.test.resources.InvalidUDA10DeviceDescriptorParsingTest"/>
  <testcase name="readRecovering" time="0.111" classname="org.fourthline.cling.test.resources.InvalidUDA10DeviceDescriptorParsingTest"/>
  <testcase name="readDefault" time="0.115" classname="org.fourthline.cling.test.resources.InvalidUDA10DeviceDescriptorParsingTest"/>
  <testcase name="readRecoveringFailure" time="0.103" classname="org.fourthline.cling.test.resources.InvalidUDA10DeviceDescriptorParsingTest"/>
  <testcase name="readSAX" time="0.100" classname="org.fourthline.cling.test.resources.InvalidUDA10DeviceDescriptorParsingTest"/>
  <testcase name="readRecoveringStrict" time="0.100" classname="org.fourthline.cling.test.resources.InvalidUDA10DeviceDescriptorParsingTest"/>
  <testcase name="readSAX" time="0.113" classname="org.fourthline.cling.test.resources.InvalidUDA10DeviceDescriptorParsingTest"/>
  <testcase name="readFailure" time="0.098" classname="org.fourthline.cling.test.resources.InvalidUDA10DeviceDescriptorParsingTest"/>
  <testcase name="readRecoveringStrict" time="0.085" classname="org.fourthline.cling.test.resources.InvalidUDA10DeviceDescriptorParsingTest"/>
  <testcase name="readRecoveringStrict" time="0.097" classname="org.fourthline.cling.test.resources.InvalidUDA10DeviceDescriptorParsingTest"/>
  <testcase name="readRecoveringStrict" time="0.080" classname="org.fourthline.cling.test.resources.InvalidUDA10DeviceDescriptorParsingTest"/>
  <testcase name="readSAX" time="0.099" classname="org.fourthline.cling.test.resources.InvalidUDA10DeviceDescriptorParsingTest"/>
</testsuite> <!-- org.fourthline.cling.test.resources.InvalidUDA10DeviceDescriptorParsingTest -->
