<?xml version="1.0" encoding="UTF-8"?>
<!-- Generated by org.testng.reporters.JUnitReportReporter -->
<testsuite hostname="Han-PC" name="org.fourthline.cling.test.gena.IncomingSubscriptionLifecycleTest" tests="2" failures="0" timestamp="29 Nov 2017 17:21:33 GMT" time="0.201" errors="0">
  <testcase name="subscriptionLifecycleFailedResponse" time="0.100" classname="org.fourthline.cling.test.gena.IncomingSubscriptionLifecycleTest"/>
  <testcase name="subscriptionLifecycle" time="0.101" classname="org.fourthline.cling.test.gena.IncomingSubscriptionLifecycleTest"/>
</testsuite> <!-- org.fourthline.cling.test.gena.IncomingSubscriptionLifecycleTest -->
