<?xml version="1.0" encoding="UTF-8"?>
<!-- Generated by org.testng.reporters.JUnitReportReporter -->
<testsuite hostname="Han-PC" name="org.fourthline.cling.test.gena.OutgoingSubscriptionLifecycleTest" tests="2" failures="0" timestamp="29 Nov 2017 17:21:33 GMT" time="1.200" errors="0">
  <testcase name="subscriptionLifecycle" time="0.101" classname="org.fourthline.cling.test.gena.OutgoingSubscriptionLifecycleTest"/>
  <testcase name="subscriptionLifecycleNotifyBeforeResponse" time="1.099" classname="org.fourthline.cling.test.gena.OutgoingSubscriptionLifecycleTest"/>
</testsuite> <!-- org.fourthline.cling.test.gena.OutgoingSubscriptionLifecycleTest -->
