<?xml version="1.0" encoding="UTF-8"?>
<!-- Generated by org.testng.reporters.JUnitReportReporter -->
<testsuite hostname="Han-PC" name="example.localservice.EventProviderTest" tests="5" failures="0" timestamp="29 Nov 2017 17:21:33 GMT" time="1.251" errors="0">
  <testcase name="subscriptionLifecycleChangeSupport" time="0.100" classname="example.localservice.EventProviderTest"/>
  <testcase name="moderateMinDelta" time="0.151" classname="example.localservice.EventProviderTest"/>
  <testcase name="bundleSeveralVariables" time="0.101" classname="example.localservice.EventProviderTest"/>
  <testcase name="moderateMaxRate" time="0.800" classname="example.localservice.EventProviderTest"/>
  <testcase name="subscriptionLifecycle" time="0.099" classname="example.localservice.EventProviderTest"/>
</testsuite> <!-- example.localservice.EventProviderTest -->
