<?xml version="1.0" encoding="UTF-8"?>
<!-- Generated by org.testng.reporters.JUnitReportReporter -->
<testsuite hostname="Han-PC" name="org.fourthline.cling.test.ssdp.SearchResponseTest" tests="4" failures="0" timestamp="29 Nov 2017 17:21:33 GMT" time="3.989" errors="0">
  <testcase name="receivedInvalidSearchResponses" time="0.444" classname="org.fourthline.cling.test.ssdp.SearchResponseTest"/>
  <testcase name="receivedAlreadyKnownLocalUDN" time="0.201" classname="org.fourthline.cling.test.ssdp.SearchResponseTest"/>
  <testcase name="receiveEmbeddedTriggersUpdate" time="3.140" classname="org.fourthline.cling.test.ssdp.SearchResponseTest"/>
  <testcase name="receivedValidResponse" time="0.204" classname="org.fourthline.cling.test.ssdp.SearchResponseTest"/>
</testsuite> <!-- org.fourthline.cling.test.ssdp.SearchResponseTest -->
