<?xml version="1.0" encoding="UTF-8"?>
<!-- Generated by org.testng.reporters.JUnitReportReporter -->
<testsuite hostname="Han-PC" name="org.fourthline.cling.test.protocol.ProtocolFactoryTest" tests="2" failures="0" timestamp="29 Nov 2017 17:21:33 GMT" time="0.122" errors="0">
  <testcase name="receivingEvent" time="0.055" classname="org.fourthline.cling.test.protocol.ProtocolFactoryTest"/>
  <testcase name="noSyncProtocol" time="0.067" classname="org.fourthline.cling.test.protocol.ProtocolFactoryTest"/>
</testsuite> <!-- org.fourthline.cling.test.protocol.ProtocolFactoryTest -->
