<?xml version="1.0" encoding="UTF-8"?>
<!-- Generated by org.testng.reporters.JUnitReportReporter -->
<testsuite hostname="Han-PC" name="org.fourthline.cling.test.resources.DeviceDescriptorRetrievalTest" tests="2" failures="0" timestamp="29 Nov 2017 17:21:33 GMT" time="0.200" errors="0">
  <testcase name="registerAndRetrieveDescriptor" time="0.101" classname="org.fourthline.cling.test.resources.DeviceDescriptorRetrievalTest"/>
  <testcase name="retrieveNonExistentDescriptor" time="0.099" classname="org.fourthline.cling.test.resources.DeviceDescriptorRetrievalTest"/>
</testsuite> <!-- org.fourthline.cling.test.resources.DeviceDescriptorRetrievalTest -->
