<?xml version="1.0" encoding="UTF-8"?>
<!-- Generated by org.testng.reporters.JUnitReportReporter -->
<testsuite hostname="Han-PC" name="org.fourthline.cling.test.control.ActionXMLProcessingTest" tests="18" failures="0" timestamp="20 Dec 2017 15:47:57 GMT" time="2.429" errors="0">
  <testcase name="writeFailureReadFailure" time="0.145" classname="org.fourthline.cling.test.control.ActionXMLProcessingTest"/>
  <testcase name="readEncodedRequest" time="0.114" classname="org.fourthline.cling.test.control.ActionXMLProcessingTest"/>
  <testcase name="writeReadRequest" time="0.119" classname="org.fourthline.cling.test.control.ActionXMLProcessingTest"/>
  <testcase name="writeReadResponse" time="0.105" classname="org.fourthline.cling.test.control.ActionXMLProcessingTest"/>
  <testcase name="writeReadResponse" time="0.128" classname="org.fourthline.cling.test.control.ActionXMLProcessingTest"/>
  <testcase name="readEncodedRequestWithAlias" time="0.134" classname="org.fourthline.cling.test.control.ActionXMLProcessingTest"/>
  <testcase name="writeDecodedResponse" time="0.121" classname="org.fourthline.cling.test.control.ActionXMLProcessingTest"/>
  <testcase name="writeFailureReadFailure" time="0.127" classname="org.fourthline.cling.test.control.ActionXMLProcessingTest"/>
  <testcase name="readEncodedRequestWithAlias" time="0.120" classname="org.fourthline.cling.test.control.ActionXMLProcessingTest"/>
  <testcase name="readEncodedRequest" time="0.128" classname="org.fourthline.cling.test.control.ActionXMLProcessingTest"/>
  <testcase name="writeDecodedResponse" time="0.148" classname="org.fourthline.cling.test.control.ActionXMLProcessingTest"/>
  <testcase name="writeReadRequest" time="0.162" classname="org.fourthline.cling.test.control.ActionXMLProcessingTest"/>
  <testcase name="writeReadRequest" time="0.201" classname="org.fourthline.cling.test.control.ActionXMLProcessingTest"/>
  <testcase name="writeDecodedResponse" time="0.123" classname="org.fourthline.cling.test.control.ActionXMLProcessingTest"/>
  <testcase name="readEncodedRequestWithAlias" time="0.134" classname="org.fourthline.cling.test.control.ActionXMLProcessingTest"/>
  <testcase name="readEncodedRequest" time="0.153" classname="org.fourthline.cling.test.control.ActionXMLProcessingTest"/>
  <testcase name="writeFailureReadFailure" time="0.146" classname="org.fourthline.cling.test.control.ActionXMLProcessingTest"/>
  <testcase name="writeReadResponse" time="0.121" classname="org.fourthline.cling.test.control.ActionXMLProcessingTest"/>
</testsuite> <!-- org.fourthline.cling.test.control.ActionXMLProcessingTest -->
