<?xml version="1.0" encoding="UTF-8"?>
<!-- Generated by org.testng.reporters.JUnitReportReporter -->
<testsuite hostname="Han-PC" name="example.controlpoint.SearchExecuteTest" tests="7" failures="0" timestamp="29 Nov 2017 17:21:33 GMT" time="0.686" errors="0">
  <testcase name="searchRoot" time="0.098" classname="example.controlpoint.SearchExecuteTest"/>
  <testcase name="searchAll" time="0.100" classname="example.controlpoint.SearchExecuteTest"/>
  <testcase name="searchDefaults" time="0.098" classname="example.controlpoint.SearchExecuteTest"/>
  <testcase name="searchServiceType" time="0.098" classname="example.controlpoint.SearchExecuteTest"/>
  <testcase name="searchUDN" time="0.099" classname="example.controlpoint.SearchExecuteTest"/>
  <testcase name="searchDeviceType" time="0.098" classname="example.controlpoint.SearchExecuteTest"/>
  <testcase name="searchInvalidST" time="0.095" classname="example.controlpoint.SearchExecuteTest"/>
</testsuite> <!-- example.controlpoint.SearchExecuteTest -->
