<?xml version="1.0" encoding="UTF-8"?>
<!-- Generated by org.testng.reporters.JUnitReportReporter -->
<testsuite hostname="Han-PC" name="org.fourthline.cling.test.model.DatatypesTest" tests="15" failures="0" timestamp="20 Dec 2017 15:47:57 GMT" time="0.081" errors="0">
  <testcase name="parseDLNADoc" time="0.000" classname="org.fourthline.cling.test.model.DatatypesTest"/>
  <testcase name="signedIntegers" time="0.000" classname="org.fourthline.cling.test.model.DatatypesTest"/>
  <testcase name="timeWithZone" time="0.001" classname="org.fourthline.cling.test.model.DatatypesTest"/>
  <testcase name="upperLowerCase" time="0.000" classname="org.fourthline.cling.test.model.DatatypesTest"/>
  <testcase name="simpleCSV" time="0.008" classname="org.fourthline.cling.test.model.DatatypesTest"/>
  <testcase name="dateAndTime" time="0.025" classname="org.fourthline.cling.test.model.DatatypesTest"/>
  <testcase name="dateAndTimeWithZone" time="0.003" classname="org.fourthline.cling.test.model.DatatypesTest"/>
  <testcase name="caseSensitivity" time="0.000" classname="org.fourthline.cling.test.model.DatatypesTest"/>
  <testcase name="base64" time="0.031" classname="org.fourthline.cling.test.model.DatatypesTest"/>
  <testcase name="valueOfDouble" time="0.009" classname="org.fourthline.cling.test.model.DatatypesTest"/>
  <testcase name="time" time="0.001" classname="org.fourthline.cling.test.model.DatatypesTest"/>
  <testcase name="invalidUnsignedIntegersOne" time="0.002" classname="org.fourthline.cling.test.model.DatatypesTest"/>
  <testcase name="validUnsignedIntegers" time="0.000" classname="org.fourthline.cling.test.model.DatatypesTest"/>
  <testcase name="invalidUnsignedIntegersTwo" time="0.001" classname="org.fourthline.cling.test.model.DatatypesTest"/>
  <testcase name="valueOfFloat" time="0.000" classname="org.fourthline.cling.test.model.DatatypesTest"/>
</testsuite> <!-- org.fourthline.cling.test.model.DatatypesTest -->
