<?xml version="1.0" encoding="UTF-8"?>
<!-- Generated by org.testng.reporters.JUnitReportReporter -->
<testsuite hostname="Han-PC" name="org.fourthline.cling.test.gena.InvalidEventXMLProcessingTest" tests="13" failures="0" timestamp="20 Dec 2017 15:47:57 GMT" time="1.851" errors="0">
  <testcase name="readRecoveringFailure" time="0.199" classname="org.fourthline.cling.test.gena.InvalidEventXMLProcessingTest"/>
  <testcase name="readRecoveringFailure" time="0.172" classname="org.fourthline.cling.test.gena.InvalidEventXMLProcessingTest"/>
  <testcase name="readDefaultFailure" time="0.111" classname="org.fourthline.cling.test.gena.InvalidEventXMLProcessingTest"/>
  <testcase name="readRecoveringFailure" time="0.181" classname="org.fourthline.cling.test.gena.InvalidEventXMLProcessingTest"/>
  <testcase name="readRecovering" time="0.118" classname="org.fourthline.cling.test.gena.InvalidEventXMLProcessingTest"/>
  <testcase name="readRecoverableFailure" time="0.113" classname="org.fourthline.cling.test.gena.InvalidEventXMLProcessingTest"/>
  <testcase name="readPull" time="0.111" classname="org.fourthline.cling.test.gena.InvalidEventXMLProcessingTest"/>
  <testcase name="readRecoverableFailure" time="0.111" classname="org.fourthline.cling.test.gena.InvalidEventXMLProcessingTest"/>
  <testcase name="readRecoveringFailure" time="0.173" classname="org.fourthline.cling.test.gena.InvalidEventXMLProcessingTest"/>
  <testcase name="readRecoveringFailure" time="0.152" classname="org.fourthline.cling.test.gena.InvalidEventXMLProcessingTest"/>
  <testcase name="readRecovering" time="0.132" classname="org.fourthline.cling.test.gena.InvalidEventXMLProcessingTest"/>
  <testcase name="readRecoveringFailure" time="0.141" classname="org.fourthline.cling.test.gena.InvalidEventXMLProcessingTest"/>
  <testcase name="readRecoveringFailure" time="0.137" classname="org.fourthline.cling.test.gena.InvalidEventXMLProcessingTest"/>
</testsuite> <!-- org.fourthline.cling.test.gena.InvalidEventXMLProcessingTest -->
