<?xml version="1.0" encoding="UTF-8"?>
<!-- Generated by org.testng.reporters.JUnitReportReporter -->
<testsuite hostname="Han-PC" name="org.fourthline.cling.test.control.ActionXMLProcessingTest" tests="18" failures="0" timestamp="29 Nov 2017 17:21:33 GMT" time="1.594" errors="0">
  <testcase name="writeFailureReadFailure" time="0.075" classname="org.fourthline.cling.test.control.ActionXMLProcessingTest"/>
  <testcase name="writeReadResponse" time="0.100" classname="org.fourthline.cling.test.control.ActionXMLProcessingTest"/>
  <testcase name="writeReadResponse" time="0.088" classname="org.fourthline.cling.test.control.ActionXMLProcessingTest"/>
  <testcase name="writeDecodedResponse" time="0.098" classname="org.fourthline.cling.test.control.ActionXMLProcessingTest"/>
  <testcase name="readEncodedRequestWithAlias" time="0.061" classname="org.fourthline.cling.test.control.ActionXMLProcessingTest"/>
  <testcase name="writeReadRequest" time="0.058" classname="org.fourthline.cling.test.control.ActionXMLProcessingTest"/>
  <testcase name="readEncodedRequest" time="0.120" classname="org.fourthline.cling.test.control.ActionXMLProcessingTest"/>
  <testcase name="writeReadRequest" time="0.100" classname="org.fourthline.cling.test.control.ActionXMLProcessingTest"/>
  <testcase name="writeDecodedResponse" time="0.080" classname="org.fourthline.cling.test.control.ActionXMLProcessingTest"/>
  <testcase name="readEncodedRequestWithAlias" time="0.081" classname="org.fourthline.cling.test.control.ActionXMLProcessingTest"/>
  <testcase name="writeFailureReadFailure" time="0.088" classname="org.fourthline.cling.test.control.ActionXMLProcessingTest"/>
  <testcase name="writeFailureReadFailure" time="0.094" classname="org.fourthline.cling.test.control.ActionXMLProcessingTest"/>
  <testcase name="writeReadResponse" time="0.094" classname="org.fourthline.cling.test.control.ActionXMLProcessingTest"/>
  <testcase name="writeReadRequest" time="0.098" classname="org.fourthline.cling.test.control.ActionXMLProcessingTest"/>
  <testcase name="readEncodedRequestWithAlias" time="0.098" classname="org.fourthline.cling.test.control.ActionXMLProcessingTest"/>
  <testcase name="readEncodedRequest" time="0.099" classname="org.fourthline.cling.test.control.ActionXMLProcessingTest"/>
  <testcase name="readEncodedRequest" time="0.093" classname="org.fourthline.cling.test.control.ActionXMLProcessingTest"/>
  <testcase name="writeDecodedResponse" time="0.069" classname="org.fourthline.cling.test.control.ActionXMLProcessingTest"/>
</testsuite> <!-- org.fourthline.cling.test.control.ActionXMLProcessingTest -->
