<?xml version="1.0" encoding="UTF-8"?>
<!-- Generated by org.testng.reporters.JUnitReportReporter -->
<testsuite hostname="Han-PC" name="org.fourthline.cling.test.control.InvalidActionXMLProcessingTest" tests="12" failures="0" timestamp="20 Dec 2017 15:47:57 GMT" time="1.196" errors="0">
  <testcase name="readRequestDefaultFailure" time="0.110" classname="org.fourthline.cling.test.control.InvalidActionXMLProcessingTest"/>
  <testcase name="readRequestPull" time="0.095" classname="org.fourthline.cling.test.control.InvalidActionXMLProcessingTest"/>
  <testcase name="uppercaseOutputArguments" time="0.003" classname="org.fourthline.cling.test.control.InvalidActionXMLProcessingTest"/>
  <testcase name="readRequestPull" time="0.100" classname="org.fourthline.cling.test.control.InvalidActionXMLProcessingTest"/>
  <testcase name="readRequestDefaultFailure" time="0.118" classname="org.fourthline.cling.test.control.InvalidActionXMLProcessingTest"/>
  <testcase name="readRequestRecoveringFailure" time="0.114" classname="org.fourthline.cling.test.control.InvalidActionXMLProcessingTest"/>
  <testcase name="readRequestPull" time="0.108" classname="org.fourthline.cling.test.control.InvalidActionXMLProcessingTest"/>
  <testcase name="readRequestRecovering" time="0.107" classname="org.fourthline.cling.test.control.InvalidActionXMLProcessingTest"/>
  <testcase name="readRequestRecovering" time="0.112" classname="org.fourthline.cling.test.control.InvalidActionXMLProcessingTest"/>
  <testcase name="readRequestRecoverableFailure" time="0.103" classname="org.fourthline.cling.test.control.InvalidActionXMLProcessingTest"/>
  <testcase name="readRequestRecoverableFailure" time="0.105" classname="org.fourthline.cling.test.control.InvalidActionXMLProcessingTest"/>
  <testcase name="readRequestDefaultFailure" time="0.121" classname="org.fourthline.cling.test.control.InvalidActionXMLProcessingTest"/>
</testsuite> <!-- org.fourthline.cling.test.control.InvalidActionXMLProcessingTest -->
