<?xml version="1.0" encoding="UTF-8"?>
<!-- Generated by org.testng.reporters.JUnitReportReporter -->
<testsuite hostname="Han-PC" name="org.fourthline.cling.test.resources.UDA10DeviceDescriptorParsingTest" tests="7" failures="0" timestamp="20 Dec 2017 15:47:57 GMT" time="0.867" errors="0">
  <testcase name="readUDA10DescriptorDOM" time="0.114" classname="org.fourthline.cling.test.resources.UDA10DeviceDescriptorParsingTest"/>
  <testcase name="readUDA10DescriptorWithURLBase" time="0.128" classname="org.fourthline.cling.test.resources.UDA10DeviceDescriptorParsingTest"/>
  <testcase name="readUDA10DescriptorWithURLBase2" time="0.115" classname="org.fourthline.cling.test.resources.UDA10DeviceDescriptorParsingTest"/>
  <testcase name="writeUDA10DescriptorWithProvider" time="0.123" classname="org.fourthline.cling.test.resources.UDA10DeviceDescriptorParsingTest"/>
  <testcase name="writeUDA10Descriptor" time="0.131" classname="org.fourthline.cling.test.resources.UDA10DeviceDescriptorParsingTest"/>
  <testcase name="readUDA10DescriptorSAX" time="0.122" classname="org.fourthline.cling.test.resources.UDA10DeviceDescriptorParsingTest"/>
  <testcase name="readUDA10DescriptorWithEmptyURLBase" time="0.134" classname="org.fourthline.cling.test.resources.UDA10DeviceDescriptorParsingTest"/>
</testsuite> <!-- org.fourthline.cling.test.resources.UDA10DeviceDescriptorParsingTest -->
