<?xml version="1.0" encoding="UTF-8"?>
<!-- Generated by org.testng.reporters.JUnitReportReporter -->
<testsuite hostname="Han-PC" name="example.controlpoint.ActionInvocationTest" tests="6" failures="0" timestamp="29 Nov 2017 17:21:33 GMT" time="0.595" errors="0">
  <testcase name="invokeActionsWithAlias" time="0.100" classname="example.controlpoint.ActionInvocationTest"/>
  <testcase name="invokeActionsWithAlias" time="0.099" classname="example.controlpoint.ActionInvocationTest"/>
  <testcase name="invokeActions" time="0.099" classname="example.controlpoint.ActionInvocationTest"/>
  <testcase name="invokeActions" time="0.099" classname="example.controlpoint.ActionInvocationTest"/>
  <testcase name="invokeActionsWithAlias" time="0.098" classname="example.controlpoint.ActionInvocationTest"/>
  <testcase name="invokeActions" time="0.100" classname="example.controlpoint.ActionInvocationTest"/>
</testsuite> <!-- example.controlpoint.ActionInvocationTest -->
