<?xml version="1.0" encoding="UTF-8"?>
<!-- Generated by org.testng.reporters.JUnitReportReporter -->
<testsuite hostname="Han-PC" name="org.fourthline.cling.test.model.LocalServiceBindingDatatypesTest" tests="1" failures="0" timestamp="20 Dec 2017 15:47:57 GMT" time="0.001" errors="0">
  <testcase name="validateBinding" time="0.001" classname="org.fourthline.cling.test.model.LocalServiceBindingDatatypesTest"/>
</testsuite> <!-- org.fourthline.cling.test.model.LocalServiceBindingDatatypesTest -->
