<?xml version="1.0" encoding="UTF-8"?>
<!-- Generated by org.testng.reporters.JUnitReportReporter -->
<testsuite hostname="Han-PC" name="org.fourthline.cling.test.gena.OutgoingSubscriptionFailureTest" tests="2" failures="0" timestamp="29 Nov 2017 17:21:33 GMT" time="0.209" errors="0">
  <testcase name="subscriptionLifecycleMissedEvent" time="0.109" classname="org.fourthline.cling.test.gena.OutgoingSubscriptionFailureTest"/>
  <testcase name="subscriptionLifecycleNetworkOff" time="0.100" classname="org.fourthline.cling.test.gena.OutgoingSubscriptionFailureTest"/>
</testsuite> <!-- org.fourthline.cling.test.gena.OutgoingSubscriptionFailureTest -->
