<?xml version="1.0" encoding="UTF-8"?>
<!-- Generated by org.testng.reporters.JUnitReportReporter -->
<testsuite hostname="Han-PC" name="org.fourthline.cling.test.gena.OutgoingSubscriptionFailureTest" tests="2" failures="0" timestamp="20 Dec 2017 15:47:57 GMT" time="0.282" errors="0">
  <testcase name="subscriptionLifecycleNetworkOff" time="0.125" classname="org.fourthline.cling.test.gena.OutgoingSubscriptionFailureTest"/>
  <testcase name="subscriptionLifecycleMissedEvent" time="0.157" classname="org.fourthline.cling.test.gena.OutgoingSubscriptionFailureTest"/>
</testsuite> <!-- org.fourthline.cling.test.gena.OutgoingSubscriptionFailureTest -->
