<?xml version="1.0" encoding="UTF-8"?>
<!-- Generated by org.testng.reporters.JUnitReportReporter -->
<testsuite hostname="Han-PC" name="org.fourthline.cling.test.gena.EventXMLProcessingTest" tests="3" failures="0" timestamp="29 Nov 2017 17:21:33 GMT" time="0.279" errors="0">
  <testcase name="writeReadRequest" time="0.083" classname="org.fourthline.cling.test.gena.EventXMLProcessingTest"/>
  <testcase name="writeReadRequestPull" time="0.081" classname="org.fourthline.cling.test.gena.EventXMLProcessingTest"/>
  <testcase name="writeReadRequestRecovering" time="0.115" classname="org.fourthline.cling.test.gena.EventXMLProcessingTest"/>
</testsuite> <!-- org.fourthline.cling.test.gena.EventXMLProcessingTest -->
