<?xml version="1.0" encoding="UTF-8"?>
<!-- Generated by org.testng.reporters.JUnitReportReporter -->
<testsuite hostname="Han-PC" name="example.localservice.EnumTest" tests="2" failures="0" timestamp="20 Dec 2017 15:47:57 GMT" time="0.001" errors="0">
  <testcase name="invokeActions" time="0.001" classname="example.localservice.EnumTest"/>
  <testcase name="validateBinding" time="0.000" classname="example.localservice.EnumTest"/>
</testsuite> <!-- example.localservice.EnumTest -->
