<?xml version="1.0" encoding="UTF-8"?>
<!-- Generated by org.testng.reporters.JUnitReportReporter -->
<testsuite hostname="Han-PC" name="org.fourthline.cling.test.model.UtilTest" tests="12" failures="0" timestamp="20 Dec 2017 15:47:57 GMT" time="0.235" errors="0">
  <testcase name="printDOM6" time="0.002" classname="org.fourthline.cling.test.model.UtilTest"/>
  <testcase name="printDOM1" time="0.204" classname="org.fourthline.cling.test.model.UtilTest"/>
  <testcase name="printDOM2" time="0.001" classname="org.fourthline.cling.test.model.UtilTest"/>
  <testcase name="printDOM5" time="0.023" classname="org.fourthline.cling.test.model.UtilTest"/>
  <testcase name="stringToCsv" time="0.001" classname="org.fourthline.cling.test.model.UtilTest"/>
  <testcase name="printDOM4" time="0.001" classname="org.fourthline.cling.test.model.UtilTest"/>
  <testcase name="validUDAName" time="0.000" classname="org.fourthline.cling.test.model.UtilTest"/>
  <testcase name="parseInvalidTimeString" time="0.001" classname="org.fourthline.cling.test.model.UtilTest"/>
  <testcase name="parseTimeStrings" time="0.000" classname="org.fourthline.cling.test.model.UtilTest"/>
  <testcase name="printDOM3" time="0.001" classname="org.fourthline.cling.test.model.UtilTest"/>
  <testcase name="csvToString" time="0.000" classname="org.fourthline.cling.test.model.UtilTest"/>
  <testcase name="printDOM7" time="0.001" classname="org.fourthline.cling.test.model.UtilTest"/>
</testsuite> <!-- org.fourthline.cling.test.model.UtilTest -->
