<?xml version="1.0" encoding="UTF-8"?>
<!-- Generated by org.testng.reporters.JUnitReportReporter -->
<testsuite hostname="Han-PC" name="example.controlpoint.EventSubscriptionTest" tests="1" failures="0" timestamp="20 Dec 2017 15:47:57 GMT" time="0.149" errors="0">
  <testcase name="subscriptionLifecycle" time="0.149" classname="example.controlpoint.EventSubscriptionTest"/>
</testsuite> <!-- example.controlpoint.EventSubscriptionTest -->
