<?xml version="1.0" encoding="UTF-8"?>
<!-- Generated by org.testng.reporters.JUnitReportReporter -->
<testsuite hostname="Han-PC" name="example.registry.RegistryBrowseTest" tests="5" failures="0" timestamp="20 Dec 2017 15:47:57 GMT" time="0.969" errors="0">
  <testcase name="cleanupRemoteDevice" time="0.147" classname="example.registry.RegistryBrowseTest"/>
  <testcase name="findLocalDeviceInvalidRelativePath" time="0.204" classname="example.registry.RegistryBrowseTest"/>
  <testcase name="findLocalDevice" time="0.197" classname="example.registry.RegistryBrowseTest"/>
  <testcase name="findDeviceByType" time="0.173" classname="example.registry.RegistryBrowseTest"/>
  <testcase name="findDevice" time="0.248" classname="example.registry.RegistryBrowseTest"/>
</testsuite> <!-- example.registry.RegistryBrowseTest -->
