<?xml version="1.0" encoding="UTF-8"?>
<!-- Generated by org.testng.reporters.JUnitReportReporter -->
<testsuite hostname="Han-PC" name="org.fourthline.cling.test.ssdp.NotifyTest" tests="6" failures="0" timestamp="29 Nov 2017 17:21:33 GMT" time="4.041" errors="0">
  <testcase name="receivedAlreadyKnownLocalUDN" time="0.237" classname="org.fourthline.cling.test.ssdp.NotifyTest"/>
  <testcase name="receivedNoLocation" time="0.202" classname="org.fourthline.cling.test.ssdp.NotifyTest"/>
  <testcase name="receiveEmbeddedTriggersUpdate" time="3.133" classname="org.fourthline.cling.test.ssdp.NotifyTest"/>
  <testcase name="receivedNoMaxAge" time="0.237" classname="org.fourthline.cling.test.ssdp.NotifyTest"/>
  <testcase name="receivedByeBye" time="0.100" classname="org.fourthline.cling.test.ssdp.NotifyTest"/>
  <testcase name="receivedNoUDN" time="0.132" classname="org.fourthline.cling.test.ssdp.NotifyTest"/>
</testsuite> <!-- org.fourthline.cling.test.ssdp.NotifyTest -->
