<?xml version="1.0" encoding="UTF-8"?>
<!-- Generated by org.testng.reporters.JUnitReportReporter -->
<testsuite hostname="Han-PC" name="example.localservice.AllowedValueTest" tests="2" failures="0" timestamp="29 Nov 2017 17:21:33 GMT" time="0.001" errors="0">
  <testcase name="validateBinding" time="0.000" classname="example.localservice.AllowedValueTest"/>
  <testcase name="validateBinding" time="0.001" classname="example.localservice.AllowedValueTest"/>
</testsuite> <!-- example.localservice.AllowedValueTest -->
