<?xml version="1.0" encoding="UTF-8"?>
<!-- Generated by org.testng.reporters.JUnitReportReporter -->
<testsuite hostname="Han-PC" name="org.fourthline.cling.test.protocol.ProtocolFactoryTest" tests="2" failures="0" timestamp="20 Dec 2017 15:47:57 GMT" time="0.269" errors="0">
  <testcase name="noSyncProtocol" time="0.124" classname="org.fourthline.cling.test.protocol.ProtocolFactoryTest"/>
  <testcase name="receivingEvent" time="0.145" classname="org.fourthline.cling.test.protocol.ProtocolFactoryTest"/>
</testsuite> <!-- org.fourthline.cling.test.protocol.ProtocolFactoryTest -->
