<?xml version="1.0" encoding="UTF-8"?>
<!-- Generated by org.testng.reporters.JUnitReportReporter -->
<testsuite hostname="Han-PC" name="org.fourthline.cling.test.control.ActionInvokeOutgoingTest" tests="9" failures="0" timestamp="29 Nov 2017 17:21:33 GMT" time="0.920" errors="0">
  <testcase name="callRemoteGetNoResponse" time="0.110" classname="org.fourthline.cling.test.control.ActionInvokeOutgoingTest"/>
  <testcase name="callRemoteNegativeValue" time="0.102" classname="org.fourthline.cling.test.control.ActionInvokeOutgoingTest"/>
  <testcase name="callRemoteGetFailure" time="0.104" classname="org.fourthline.cling.test.control.ActionInvokeOutgoingTest"/>
  <testcase name="callLocalGet" time="0.098" classname="org.fourthline.cling.test.control.ActionInvokeOutgoingTest"/>
  <testcase name="callRemoteGetNotFoundFailure" time="0.096" classname="org.fourthline.cling.test.control.ActionInvokeOutgoingTest"/>
  <testcase name="callRemoteGet" time="0.095" classname="org.fourthline.cling.test.control.ActionInvokeOutgoingTest"/>
  <testcase name="callLocalWrongAction" time="0.102" classname="org.fourthline.cling.test.control.ActionInvokeOutgoingTest"/>
  <testcase name="callLocalSetException" time="0.101" classname="org.fourthline.cling.test.control.ActionInvokeOutgoingTest"/>
  <testcase name="callRemoteQueryStateVariable" time="0.112" classname="org.fourthline.cling.test.control.ActionInvokeOutgoingTest"/>
</testsuite> <!-- org.fourthline.cling.test.control.ActionInvokeOutgoingTest -->
