<?xml version="1.0" encoding="UTF-8"?>
<!-- Generated by org.testng.reporters.JUnitReportReporter -->
<testsuite hostname="Han-PC" name="example.registry.RegistryListenerTest" tests="3" failures="0" timestamp="29 Nov 2017 17:21:33 GMT" time="0.370" errors="0">
  <testcase name="regularListener" time="0.130" classname="example.registry.RegistryListenerTest"/>
  <testcase name="quickstartListener" time="0.129" classname="example.registry.RegistryListenerTest"/>
  <testcase name="failureQuickstartListener" time="0.111" classname="example.registry.RegistryListenerTest"/>
</testsuite> <!-- example.registry.RegistryListenerTest -->
