<?xml version="1.0" encoding="UTF-8"?>
<!-- Generated by org.testng.reporters.JUnitReportReporter -->
<testsuite hostname="Han-PC" name="example.localservice.BasicBindingTest" tests="8" failures="0" timestamp="20 Dec 2017 15:47:57 GMT" time="0.005" errors="0">
  <testcase name="validateBinding" time="0.000" classname="example.localservice.BasicBindingTest"/>
  <testcase name="validateBinding" time="0.001" classname="example.localservice.BasicBindingTest"/>
  <testcase name="invokeActions" time="0.001" classname="example.localservice.BasicBindingTest"/>
  <testcase name="invokeActions" time="0.001" classname="example.localservice.BasicBindingTest"/>
  <testcase name="validateBinding" time="0.000" classname="example.localservice.BasicBindingTest"/>
  <testcase name="invokeActions" time="0.002" classname="example.localservice.BasicBindingTest"/>
  <testcase name="validateBinding" time="0.000" classname="example.localservice.BasicBindingTest"/>
  <testcase name="invokeActions" time="0.000" classname="example.localservice.BasicBindingTest"/>
</testsuite> <!-- example.localservice.BasicBindingTest -->
