<?xml version="1.0" encoding="UTF-8"?>
<!-- Generated by org.testng.reporters.JUnitReportReporter -->
<testsuite hostname="Han-PC" name="example.controlpoint.EventSubscriptionTest" tests="1" failures="0" timestamp="29 Nov 2017 17:21:33 GMT" time="0.099" errors="0">
  <testcase name="subscriptionLifecycle" time="0.099" classname="example.controlpoint.EventSubscriptionTest"/>
</testsuite> <!-- example.controlpoint.EventSubscriptionTest -->
