<?xml version="1.0" encoding="UTF-8"?>
<!-- Generated by org.testng.reporters.JUnitReportReporter -->
<testsuite hostname="Han-PC" name="org.fourthline.cling.test.model.IncompatibilityTest" tests="21" failures="0" timestamp="20 Dec 2017 15:47:57 GMT" time="0.300" errors="0">
  <testcase name="parseBrokenServiceType" time="0.001" classname="org.fourthline.cling.test.model.IncompatibilityTest"/>
  <testcase name="invalidIntegerValue" time="0.000" classname="org.fourthline.cling.test.model.IncompatibilityTest"/>
  <testcase name="parseKodakServiceId" time="0.000" classname="org.fourthline.cling.test.model.IncompatibilityTest"/>
  <testcase name="parseUDADeviceTypeFractions" time="0.000" classname="org.fourthline.cling.test.model.IncompatibilityTest"/>
  <testcase name="validatePSAudioBridgeServiceId" time="0.001" classname="org.fourthline.cling.test.model.IncompatibilityTest"/>
  <testcase name="readColonRelativePaths" time="0.008" classname="org.fourthline.cling.test.model.IncompatibilityTest"/>
  <testcase name="parseEyeTVServiceType" time="0.000" classname="org.fourthline.cling.test.model.IncompatibilityTest"/>
  <testcase name="validateSpacesInServiceType" time="0.000" classname="org.fourthline.cling.test.model.IncompatibilityTest"/>
  <testcase name="parseInvalidDLNADoc" time="0.001" classname="org.fourthline.cling.test.model.IncompatibilityTest"/>
  <testcase name="parseBrokenServiceId" time="0.001" classname="org.fourthline.cling.test.model.IncompatibilityTest"/>
  <testcase name="parseEscientDeviceType" time="0.000" classname="org.fourthline.cling.test.model.IncompatibilityTest"/>
  <testcase name="switchedMinimumMaximumValueRange" time="0.001" classname="org.fourthline.cling.test.model.IncompatibilityTest"/>
  <testcase name="validateCallbackURILength" time="0.283" classname="org.fourthline.cling.test.model.IncompatibilityTest"/>
  <testcase name="parseServiceNameAsServiceId" time="0.001" classname="org.fourthline.cling.test.model.IncompatibilityTest"/>
  <testcase name="parseEyeTVDeviceType" time="0.000" classname="org.fourthline.cling.test.model.IncompatibilityTest"/>
  <testcase name="validateAzureusServiceId" time="0.000" classname="org.fourthline.cling.test.model.IncompatibilityTest"/>
  <testcase name="validateMSFTServiceType" time="0.001" classname="org.fourthline.cling.test.model.IncompatibilityTest"/>
  <testcase name="parseCeytonInfiniTVServiceType" time="0.001" classname="org.fourthline.cling.test.model.IncompatibilityTest"/>
  <testcase name="invalidStateVarDefaultValue" time="0.001" classname="org.fourthline.cling.test.model.IncompatibilityTest"/>
  <testcase name="parseEyeconServiceId" time="0.000" classname="org.fourthline.cling.test.model.IncompatibilityTest"/>
  <testcase name="validateIntelServiceId" time="0.000" classname="org.fourthline.cling.test.model.IncompatibilityTest"/>
</testsuite> <!-- org.fourthline.cling.test.model.IncompatibilityTest -->
