<?xml version="1.0" encoding="UTF-8"?>
<!-- Generated by org.testng.reporters.JUnitReportReporter -->
<testsuite hostname="Han-PC" name="example.controlpoint.ActionCancellationTest" tests="1" failures="0" timestamp="29 Nov 2017 17:21:33 GMT" time="1.099" errors="0">
  <testcase name="invokeActions" time="1.099" classname="example.controlpoint.ActionCancellationTest"/>
</testsuite> <!-- example.controlpoint.ActionCancellationTest -->
