<?xml version="1.0" encoding="UTF-8"?>
<!-- Generated by org.testng.reporters.JUnitReportReporter -->
<testsuite hostname="Han-PC" name="org.fourthline.cling.test.model.profile.DeviceDetailsProviderTest" tests="1" failures="0" timestamp="20 Dec 2017 15:47:57 GMT" time="0.003" errors="0">
  <testcase name="headerRegexMatch" time="0.003" classname="org.fourthline.cling.test.model.profile.DeviceDetailsProviderTest"/>
</testsuite> <!-- org.fourthline.cling.test.model.profile.DeviceDetailsProviderTest -->
