<?xml version="1.0" encoding="UTF-8"?>
<!-- Generated by org.testng.reporters.JUnitReportReporter -->
<testsuite hostname="Han-PC" name="org.fourthline.cling.test.resources.UDA10ServiceDescriptorParsingTest" tests="3" failures="0" timestamp="20 Dec 2017 15:47:57 GMT" time="0.027" errors="0">
  <testcase name="readUDA10DescriptorDOM" time="0.003" classname="org.fourthline.cling.test.resources.UDA10ServiceDescriptorParsingTest"/>
  <testcase name="readUDA10DescriptorSAX" time="0.018" classname="org.fourthline.cling.test.resources.UDA10ServiceDescriptorParsingTest"/>
  <testcase name="writeUDA10Descriptor" time="0.006" classname="org.fourthline.cling.test.resources.UDA10ServiceDescriptorParsingTest"/>
</testsuite> <!-- org.fourthline.cling.test.resources.UDA10ServiceDescriptorParsingTest -->
