<?xml version="1.0" encoding="UTF-8"?>
<!-- Generated by org.testng.reporters.JUnitReportReporter -->
<testsuite hostname="Han-PC" name="org.fourthline.cling.test.resources.UDA10DeviceDescriptorParsingTest" tests="7" failures="0" timestamp="29 Nov 2017 17:21:33 GMT" time="0.715" errors="0">
  <testcase name="writeUDA10Descriptor" time="0.122" classname="org.fourthline.cling.test.resources.UDA10DeviceDescriptorParsingTest"/>
  <testcase name="readUDA10DescriptorSAX" time="0.102" classname="org.fourthline.cling.test.resources.UDA10DeviceDescriptorParsingTest"/>
  <testcase name="readUDA10DescriptorWithURLBase2" time="0.099" classname="org.fourthline.cling.test.resources.UDA10DeviceDescriptorParsingTest"/>
  <testcase name="readUDA10DescriptorWithURLBase" time="0.083" classname="org.fourthline.cling.test.resources.UDA10DeviceDescriptorParsingTest"/>
  <testcase name="readUDA10DescriptorWithEmptyURLBase" time="0.099" classname="org.fourthline.cling.test.resources.UDA10DeviceDescriptorParsingTest"/>
  <testcase name="writeUDA10DescriptorWithProvider" time="0.109" classname="org.fourthline.cling.test.resources.UDA10DeviceDescriptorParsingTest"/>
  <testcase name="readUDA10DescriptorDOM" time="0.101" classname="org.fourthline.cling.test.resources.UDA10DeviceDescriptorParsingTest"/>
</testsuite> <!-- org.fourthline.cling.test.resources.UDA10DeviceDescriptorParsingTest -->
