<?xml version="1.0" encoding="UTF-8"?>
<!-- Generated by org.testng.reporters.JUnitReportReporter -->
<testsuite hostname="Han-PC" name="org.fourthline.cling.test.model.DeviceGraphTest" tests="9" failures="0" timestamp="29 Nov 2017 17:21:33 GMT" time="0.021" errors="0">
  <testcase name="findServicesId" time="0.001" classname="org.fourthline.cling.test.model.DeviceGraphTest"/>
  <testcase name="findServicesFirst" time="0.001" classname="org.fourthline.cling.test.model.DeviceGraphTest"/>
  <testcase name="findRoot" time="0.001" classname="org.fourthline.cling.test.model.DeviceGraphTest"/>
  <testcase name="findServicesType" time="0.001" classname="org.fourthline.cling.test.model.DeviceGraphTest"/>
  <testcase name="findServicesAll" time="0.001" classname="org.fourthline.cling.test.model.DeviceGraphTest"/>
  <testcase name="findEmbeddedDevices" time="0.001" classname="org.fourthline.cling.test.model.DeviceGraphTest"/>
  <testcase name="findServiceTypes" time="0.002" classname="org.fourthline.cling.test.model.DeviceGraphTest"/>
  <testcase name="findDevicesWithUDN" time="0.003" classname="org.fourthline.cling.test.model.DeviceGraphTest"/>
  <testcase name="findDevicesWithDeviceType" time="0.010" classname="org.fourthline.cling.test.model.DeviceGraphTest"/>
</testsuite> <!-- org.fourthline.cling.test.model.DeviceGraphTest -->
