<?xml version="1.0" encoding="UTF-8"?>
<!-- Generated by org.testng.reporters.JUnitReportReporter -->
<testsuite hostname="Han-PC" name="org.fourthline.cling.test.resources.UDA10ServiceDescriptorParsingTest" tests="3" failures="0" timestamp="29 Nov 2017 17:21:33 GMT" time="0.022" errors="0">
  <testcase name="readUDA10DescriptorSAX" time="0.012" classname="org.fourthline.cling.test.resources.UDA10ServiceDescriptorParsingTest"/>
  <testcase name="readUDA10DescriptorDOM" time="0.003" classname="org.fourthline.cling.test.resources.UDA10ServiceDescriptorParsingTest"/>
  <testcase name="writeUDA10Descriptor" time="0.007" classname="org.fourthline.cling.test.resources.UDA10ServiceDescriptorParsingTest"/>
</testsuite> <!-- org.fourthline.cling.test.resources.UDA10ServiceDescriptorParsingTest -->
