<?xml version="1.0" encoding="UTF-8"?>
<!-- Generated by org.testng.reporters.JUnitReportReporter -->
<testsuite hostname="Han-PC" name="org.fourthline.cling.test.model.DeviceGraphTest" tests="9" failures="0" timestamp="20 Dec 2017 15:47:57 GMT" time="0.028" errors="0">
  <testcase name="findServicesId" time="0.002" classname="org.fourthline.cling.test.model.DeviceGraphTest"/>
  <testcase name="findServicesFirst" time="0.001" classname="org.fourthline.cling.test.model.DeviceGraphTest"/>
  <testcase name="findRoot" time="0.001" classname="org.fourthline.cling.test.model.DeviceGraphTest"/>
  <testcase name="findServicesType" time="0.001" classname="org.fourthline.cling.test.model.DeviceGraphTest"/>
  <testcase name="findServicesAll" time="0.002" classname="org.fourthline.cling.test.model.DeviceGraphTest"/>
  <testcase name="findEmbeddedDevices" time="0.001" classname="org.fourthline.cling.test.model.DeviceGraphTest"/>
  <testcase name="findServiceTypes" time="0.006" classname="org.fourthline.cling.test.model.DeviceGraphTest"/>
  <testcase name="findDevicesWithUDN" time="0.002" classname="org.fourthline.cling.test.model.DeviceGraphTest"/>
  <testcase name="findDevicesWithDeviceType" time="0.012" classname="org.fourthline.cling.test.model.DeviceGraphTest"/>
</testsuite> <!-- org.fourthline.cling.test.model.DeviceGraphTest -->
