<?xml version="1.0" encoding="UTF-8"?>
<!-- Generated by org.testng.reporters.JUnitReportReporter -->
<testsuite hostname="Han-PC" name="org.fourthline.cling.test.ssdp.AdvertisementTest" tests="2" failures="0" timestamp="20 Dec 2017 15:47:57 GMT" time="1.187" errors="0">
  <testcase name="sendByebyeMessages" time="0.590" classname="org.fourthline.cling.test.ssdp.AdvertisementTest"/>
  <testcase name="sendAliveMessages" time="0.597" classname="org.fourthline.cling.test.ssdp.AdvertisementTest"/>
</testsuite> <!-- org.fourthline.cling.test.ssdp.AdvertisementTest -->
