<?xml version="1.0" encoding="UTF-8"?>
<!-- Generated by org.testng.reporters.JUnitReportReporter -->
<testsuite hostname="Han-PC" name="org.fourthline.cling.test.resources.ServiceDescriptorRetrievalTest" tests="2" failures="0" timestamp="20 Dec 2017 15:47:57 GMT" time="0.271" errors="0">
  <testcase name="retrieveNonExistentDescriptor" time="0.142" classname="org.fourthline.cling.test.resources.ServiceDescriptorRetrievalTest"/>
  <testcase name="registerAndRetrieveDescriptor" time="0.129" classname="org.fourthline.cling.test.resources.ServiceDescriptorRetrievalTest"/>
</testsuite> <!-- org.fourthline.cling.test.resources.ServiceDescriptorRetrievalTest -->
