<?xml version="1.0" encoding="UTF-8"?>
<!-- Generated by org.testng.reporters.JUnitReportReporter -->
<testsuite hostname="Han-PC" name="org.fourthline.cling.test.local.LocalActionInvocationCSVTest" tests="1" failures="0" timestamp="20 Dec 2017 15:47:57 GMT" time="0.037" errors="0">
  <testcase name="invokeActions" time="0.037" classname="org.fourthline.cling.test.local.LocalActionInvocationCSVTest"/>
</testsuite> <!-- org.fourthline.cling.test.local.LocalActionInvocationCSVTest -->
