<?xml version="1.0" encoding="UTF-8"?>
<!-- Generated by org.testng.reporters.JUnitReportReporter -->
<testsuite hostname="Han-PC" name="example.controlpoint.ActionInvocationTest" tests="6" failures="0" timestamp="20 Dec 2017 15:47:57 GMT" time="0.989" errors="0">
  <testcase name="invokeActions" time="0.142" classname="example.controlpoint.ActionInvocationTest"/>
  <testcase name="invokeActions" time="0.204" classname="example.controlpoint.ActionInvocationTest"/>
  <testcase name="invokeActions" time="0.130" classname="example.controlpoint.ActionInvocationTest"/>
  <testcase name="invokeActionsWithAlias" time="0.146" classname="example.controlpoint.ActionInvocationTest"/>
  <testcase name="invokeActionsWithAlias" time="0.178" classname="example.controlpoint.ActionInvocationTest"/>
  <testcase name="invokeActionsWithAlias" time="0.189" classname="example.controlpoint.ActionInvocationTest"/>
</testsuite> <!-- example.controlpoint.ActionInvocationTest -->
