<?xml version="1.0" encoding="UTF-8"?>
<!-- Generated by org.testng.reporters.JUnitReportReporter -->
<testsuite hostname="Han-PC" name="example.binarylight.BinaryLightTest" tests="2" failures="0" timestamp="29 Nov 2017 17:21:33 GMT" time="0.434" errors="0">
  <testcase name="testServer" time="0.135" classname="example.binarylight.BinaryLightTest"/>
  <testcase name="testClient" time="0.299" classname="example.binarylight.BinaryLightTest"/>
</testsuite> <!-- example.binarylight.BinaryLightTest -->
