<?xml version="1.0" encoding="UTF-8"?>
<!-- Generated by org.testng.reporters.JUnitReportReporter -->
<testsuite hostname="Han-PC" name="example.registry.RegistryListenerTest" tests="3" failures="0" timestamp="20 Dec 2017 15:47:57 GMT" time="0.433" errors="0">
  <testcase name="regularListener" time="0.147" classname="example.registry.RegistryListenerTest"/>
  <testcase name="failureQuickstartListener" time="0.145" classname="example.registry.RegistryListenerTest"/>
  <testcase name="quickstartListener" time="0.141" classname="example.registry.RegistryListenerTest"/>
</testsuite> <!-- example.registry.RegistryListenerTest -->
