<?xml version="1.0" encoding="UTF-8"?>
<!-- Generated by org.testng.reporters.JUnitReportReporter -->
<testsuite hostname="Han-PC" name="example.localservice.BasicBindingTest" tests="8" failures="0" timestamp="29 Nov 2017 17:21:33 GMT" time="0.010" errors="0">
  <testcase name="invokeActions" time="0.001" classname="example.localservice.BasicBindingTest"/>
  <testcase name="validateBinding" time="0.000" classname="example.localservice.BasicBindingTest"/>
  <testcase name="invokeActions" time="0.004" classname="example.localservice.BasicBindingTest"/>
  <testcase name="invokeActions" time="0.002" classname="example.localservice.BasicBindingTest"/>
  <testcase name="invokeActions" time="0.002" classname="example.localservice.BasicBindingTest"/>
  <testcase name="validateBinding" time="0.000" classname="example.localservice.BasicBindingTest"/>
  <testcase name="validateBinding" time="0.001" classname="example.localservice.BasicBindingTest"/>
  <testcase name="validateBinding" time="0.000" classname="example.localservice.BasicBindingTest"/>
</testsuite> <!-- example.localservice.BasicBindingTest -->
