<?xml version="1.0" encoding="UTF-8"?>
<!-- Generated by org.testng.reporters.JUnitReportReporter -->
<testsuite hostname="Han-PC" name="org.fourthline.cling.test.control.ActionInvokeIncomingTest" tests="9" failures="0" timestamp="20 Dec 2017 15:47:57 GMT" time="3.230" errors="0">
  <testcase name="incomingRemoteCallWrongContentType" time="0.143" classname="org.fourthline.cling.test.control.ActionInvokeIncomingTest"/>
  <testcase name="incomingRemoteCallGet" time="0.129" classname="org.fourthline.cling.test.control.ActionInvokeIncomingTest"/>
  <testcase name="incomingRemoteCallNoContentType" time="0.167" classname="org.fourthline.cling.test.control.ActionInvokeIncomingTest"/>
  <testcase name="incomingRemoteCallGetConcurrent" time="2.120" classname="org.fourthline.cling.test.control.ActionInvokeIncomingTest"/>
  <testcase name="incomingRemoteCallClientInfo" time="0.106" classname="org.fourthline.cling.test.control.ActionInvokeIncomingTest"/>
  <testcase name="incomingRemoteCallMethodException" time="0.130" classname="org.fourthline.cling.test.control.ActionInvokeIncomingTest"/>
  <testcase name="incomingRemoteCallControlURINotFound" time="0.125" classname="org.fourthline.cling.test.control.ActionInvokeIncomingTest"/>
  <testcase name="incomingRemoteCallSet" time="0.161" classname="org.fourthline.cling.test.control.ActionInvokeIncomingTest"/>
  <testcase name="incomingRemoteCallQueryStateVariable" time="0.149" classname="org.fourthline.cling.test.control.ActionInvokeIncomingTest"/>
</testsuite> <!-- org.fourthline.cling.test.control.ActionInvokeIncomingTest -->
