<?xml version="1.0" encoding="UTF-8"?>
<!-- Generated by org.testng.reporters.JUnitReportReporter -->
<testsuite hostname="Han-PC" name="example.localservice.AllowedValueRangeTest" tests="2" failures="0" timestamp="20 Dec 2017 15:47:57 GMT" time="0.000" errors="0">
  <testcase name="validateBinding" time="0.000" classname="example.localservice.AllowedValueRangeTest"/>
  <testcase name="validateBinding" time="0.000" classname="example.localservice.AllowedValueRangeTest"/>
</testsuite> <!-- example.localservice.AllowedValueRangeTest -->
