<?xml version="1.0" encoding="UTF-8"?>
<!-- Generated by org.testng.reporters.JUnitReportReporter -->
<testsuite hostname="Han-PC" name="org.fourthline.cling.test.model.DatagramParsingTest" tests="2" failures="0" timestamp="29 Nov 2017 17:21:33 GMT" time="0.113" errors="0">
  <testcase name="readSource" time="0.002" classname="org.fourthline.cling.test.model.DatagramParsingTest"/>
  <testcase name="parseRoundtrip" time="0.111" classname="org.fourthline.cling.test.model.DatagramParsingTest"/>
</testsuite> <!-- org.fourthline.cling.test.model.DatagramParsingTest -->
