<?xml version="1.0" encoding="UTF-8"?>
<!-- Generated by org.testng.reporters.JUnitReportReporter -->
<testsuite hostname="Han-PC" name="example.binarylight.BinaryLightTest" tests="2" failures="0" timestamp="20 Dec 2017 15:47:57 GMT" time="0.481" errors="0">
  <testcase name="testClient" time="0.369" classname="example.binarylight.BinaryLightTest"/>
  <testcase name="testServer" time="0.112" classname="example.binarylight.BinaryLightTest"/>
</testsuite> <!-- example.binarylight.BinaryLightTest -->
