<?xml version="1.0" encoding="UTF-8"?>
<!-- Generated by org.testng.reporters.JUnitReportReporter -->
<testsuite hostname="Han-PC" name="org.fourthline.cling.test.resources.DeviceDescriptorRetrievalTest" tests="2" failures="0" timestamp="20 Dec 2017 15:47:57 GMT" time="0.595" errors="0">
  <testcase name="registerAndRetrieveDescriptor" time="0.425" classname="org.fourthline.cling.test.resources.DeviceDescriptorRetrievalTest"/>
  <testcase name="retrieveNonExistentDescriptor" time="0.170" classname="org.fourthline.cling.test.resources.DeviceDescriptorRetrievalTest"/>
</testsuite> <!-- org.fourthline.cling.test.resources.DeviceDescriptorRetrievalTest -->
