<?xml version="1.0" encoding="UTF-8"?>
<!-- Generated by org.testng.reporters.JUnitReportReporter -->
<testsuite hostname="Han-PC" name="org.fourthline.cling.test.ssdp.RegistryExpirationTest" tests="5" failures="0" timestamp="20 Dec 2017 15:47:57 GMT" time="21.663" errors="0">
  <testcase name="addResourceAndMaintain" time="2.131" classname="org.fourthline.cling.test.ssdp.RegistryExpirationTest"/>
  <testcase name="addAndUpdateAndExpire" time="6.131" classname="org.fourthline.cling.test.ssdp.RegistryExpirationTest"/>
  <testcase name="addResourceAndExpire" time="4.145" classname="org.fourthline.cling.test.ssdp.RegistryExpirationTest"/>
  <testcase name="overrideAgeThenAddAndExpire" time="6.144" classname="org.fourthline.cling.test.ssdp.RegistryExpirationTest"/>
  <testcase name="addAndExpire" time="3.112" classname="org.fourthline.cling.test.ssdp.RegistryExpirationTest"/>
</testsuite> <!-- org.fourthline.cling.test.ssdp.RegistryExpirationTest -->
