<?xml version="1.0" encoding="UTF-8"?>
<!-- Generated by org.testng.reporters.JUnitReportReporter -->
<testsuite hostname="Han-PC" name="example.controlpoint.ActionCancellationTest" tests="1" failures="0" timestamp="20 Dec 2017 15:47:57 GMT" time="1.172" errors="0">
  <testcase name="invokeActions" time="1.172" classname="example.controlpoint.ActionCancellationTest"/>
</testsuite> <!-- example.controlpoint.ActionCancellationTest -->
