<?xml version="1.0" encoding="UTF-8"?>
<!-- Generated by org.testng.reporters.JUnitReportReporter -->
<testsuite hostname="Han-PC" name="org.fourthline.cling.test.ssdp.NotifyTest" tests="6" failures="0" timestamp="20 Dec 2017 15:47:57 GMT" time="4.066" errors="0">
  <testcase name="receivedByeBye" time="0.103" classname="org.fourthline.cling.test.ssdp.NotifyTest"/>
  <testcase name="receiveEmbeddedTriggersUpdate" time="3.111" classname="org.fourthline.cling.test.ssdp.NotifyTest"/>
  <testcase name="receivedNoLocation" time="0.212" classname="org.fourthline.cling.test.ssdp.NotifyTest"/>
  <testcase name="receivedNoMaxAge" time="0.236" classname="org.fourthline.cling.test.ssdp.NotifyTest"/>
  <testcase name="receivedNoUDN" time="0.101" classname="org.fourthline.cling.test.ssdp.NotifyTest"/>
  <testcase name="receivedAlreadyKnownLocalUDN" time="0.303" classname="org.fourthline.cling.test.ssdp.NotifyTest"/>
</testsuite> <!-- org.fourthline.cling.test.ssdp.NotifyTest -->
